Analysis & Synthesis report for lab5
Tue Nov  5 16:07:54 2024
Quartus Prime Version 22.1std.1 Build 917 02/14/2023 SC Lite Edition


---------------------
; Table of Contents ;
---------------------
  1. Legal Notice
  2. Analysis & Synthesis Summary
  3. Analysis & Synthesis Settings
  4. Parallel Compilation
  5. Analysis & Synthesis Source Files Read
  6. Analysis & Synthesis Resource Usage Summary
  7. Analysis & Synthesis Resource Utilization by Entity
  8. General Register Statistics
  9. Parameter Settings for User Entity Instance: clock:inst|comparator:inst4
 10. Parameter Settings for User Entity Instance: clock:inst|counter:inst
 11. Parameter Settings for User Entity Instance: SecondCLK:inst4|comparator:inst7
 12. Parameter Settings for User Entity Instance: SecondCLK:inst4|counter:inst4
 13. Parameter Settings for User Entity Instance: clock:inst2|comparator:inst4
 14. Parameter Settings for User Entity Instance: clock:inst2|counter:inst
 15. Parameter Settings for User Entity Instance: clock:inst3|comparator:inst4
 16. Parameter Settings for User Entity Instance: clock:inst3|counter:inst
 17. Parameter Settings for Inferred Entity Instance: clock:inst|parser:inst2|lpm_divide:Mod0
 18. Parameter Settings for Inferred Entity Instance: clock:inst|parser:inst2|lpm_divide:Div0
 19. Parameter Settings for Inferred Entity Instance: clock:inst2|parser:inst2|lpm_divide:Mod0
 20. Parameter Settings for Inferred Entity Instance: clock:inst2|parser:inst2|lpm_divide:Div0
 21. Parameter Settings for Inferred Entity Instance: clock:inst3|parser:inst2|lpm_divide:Mod0
 22. Parameter Settings for Inferred Entity Instance: clock:inst3|parser:inst2|lpm_divide:Div0
 23. Post-Synthesis Netlist Statistics for Top Partition
 24. Elapsed Time Per Partition
 25. Analysis & Synthesis Messages



----------------
; Legal Notice ;
----------------
Copyright (C) 2023  Intel Corporation. All rights reserved.
Your use of Intel Corporation's design tools, logic functions 
and other software and tools, and any partner logic 
functions, and any output files from any of the foregoing 
(including device programming or simulation files), and any 
associated documentation or information are expressly subject 
to the terms and conditions of the Intel Program License 
Subscription Agreement, the Intel Quartus Prime License Agreement,
the Intel FPGA IP License Agreement, or other applicable license
agreement, including, without limitation, that your use is for
the sole purpose of programming logic devices manufactured by
Intel and sold by Intel or its authorized distributors.  Please
refer to the applicable agreement for further details, at
https://fpgasoftware.intel.com/eula.



+-------------------------------------------------------------------------------------+
; Analysis & Synthesis Summary                                                        ;
+------------------------------------+------------------------------------------------+
; Analysis & Synthesis Status        ; Successful - Tue Nov  5 16:07:54 2024          ;
; Quartus Prime Version              ; 22.1std.1 Build 917 02/14/2023 SC Lite Edition ;
; Revision Name                      ; lab5                                           ;
; Top-level Entity Name              ; SMHClock                                       ;
; Family                             ; MAX 10                                         ;
; Total logic elements               ; 457                                            ;
;     Total combinational functions  ; 453                                            ;
;     Dedicated logic registers      ; 58                                             ;
; Total registers                    ; 58                                             ;
; Total pins                         ; 44                                             ;
; Total virtual pins                 ; 0                                              ;
; Total memory bits                  ; 0                                              ;
; Embedded Multiplier 9-bit elements ; 0                                              ;
; Total PLLs                         ; 0                                              ;
; UFM blocks                         ; 0                                              ;
; ADC blocks                         ; 0                                              ;
+------------------------------------+------------------------------------------------+


+------------------------------------------------------------------------------------------------------------+
; Analysis & Synthesis Settings                                                                              ;
+------------------------------------------------------------------+--------------------+--------------------+
; Option                                                           ; Setting            ; Default Value      ;
+------------------------------------------------------------------+--------------------+--------------------+
; Device                                                           ; 10M50DAF484C7G     ;                    ;
; Top-level entity name                                            ; SMHClock           ; lab5               ;
; Family name                                                      ; MAX 10             ; Cyclone V          ;
; Use smart compilation                                            ; Off                ; Off                ;
; Enable parallel Assembler and Timing Analyzer during compilation ; On                 ; On                 ;
; Enable compact report table                                      ; Off                ; Off                ;
; Restructure Multiplexers                                         ; Auto               ; Auto               ;
; Create Debugging Nodes for IP Cores                              ; Off                ; Off                ;
; Preserve fewer node names                                        ; On                 ; On                 ;
; Intel FPGA IP Evaluation Mode                                    ; Enable             ; Enable             ;
; Verilog Version                                                  ; Verilog_2001       ; Verilog_2001       ;
; VHDL Version                                                     ; VHDL_1993          ; VHDL_1993          ;
; State Machine Processing                                         ; Auto               ; Auto               ;
; Safe State Machine                                               ; Off                ; Off                ;
; Extract Verilog State Machines                                   ; On                 ; On                 ;
; Extract VHDL State Machines                                      ; On                 ; On                 ;
; Ignore Verilog initial constructs                                ; Off                ; Off                ;
; Iteration limit for constant Verilog loops                       ; 5000               ; 5000               ;
; Iteration limit for non-constant Verilog loops                   ; 250                ; 250                ;
; Add Pass-Through Logic to Inferred RAMs                          ; On                 ; On                 ;
; Infer RAMs from Raw Logic                                        ; On                 ; On                 ;
; Parallel Synthesis                                               ; On                 ; On                 ;
; DSP Block Balancing                                              ; Auto               ; Auto               ;
; NOT Gate Push-Back                                               ; On                 ; On                 ;
; Power-Up Don't Care                                              ; On                 ; On                 ;
; Remove Redundant Logic Cells                                     ; Off                ; Off                ;
; Remove Duplicate Registers                                       ; On                 ; On                 ;
; Ignore CARRY Buffers                                             ; Off                ; Off                ;
; Ignore CASCADE Buffers                                           ; Off                ; Off                ;
; Ignore GLOBAL Buffers                                            ; Off                ; Off                ;
; Ignore ROW GLOBAL Buffers                                        ; Off                ; Off                ;
; Ignore LCELL Buffers                                             ; Off                ; Off                ;
; Ignore SOFT Buffers                                              ; On                 ; On                 ;
; Limit AHDL Integers to 32 Bits                                   ; Off                ; Off                ;
; Optimization Technique                                           ; Balanced           ; Balanced           ;
; Carry Chain Length                                               ; 70                 ; 70                 ;
; Auto Carry Chains                                                ; On                 ; On                 ;
; Auto Open-Drain Pins                                             ; On                 ; On                 ;
; Perform WYSIWYG Primitive Resynthesis                            ; Off                ; Off                ;
; Auto ROM Replacement                                             ; On                 ; On                 ;
; Auto RAM Replacement                                             ; On                 ; On                 ;
; Auto DSP Block Replacement                                       ; On                 ; On                 ;
; Auto Shift Register Replacement                                  ; Auto               ; Auto               ;
; Allow Shift Register Merging across Hierarchies                  ; Auto               ; Auto               ;
; Auto Clock Enable Replacement                                    ; On                 ; On                 ;
; Strict RAM Replacement                                           ; Off                ; Off                ;
; Allow Synchronous Control Signals                                ; On                 ; On                 ;
; Force Use of Synchronous Clear Signals                           ; Off                ; Off                ;
; Auto RAM Block Balancing                                         ; On                 ; On                 ;
; Auto RAM to Logic Cell Conversion                                ; Off                ; Off                ;
; Auto Resource Sharing                                            ; Off                ; Off                ;
; Allow Any RAM Size For Recognition                               ; Off                ; Off                ;
; Allow Any ROM Size For Recognition                               ; Off                ; Off                ;
; Allow Any Shift Register Size For Recognition                    ; Off                ; Off                ;
; Use LogicLock Constraints during Resource Balancing              ; On                 ; On                 ;
; Ignore translate_off and synthesis_off directives                ; Off                ; Off                ;
; Timing-Driven Synthesis                                          ; On                 ; On                 ;
; Report Parameter Settings                                        ; On                 ; On                 ;
; Report Source Assignments                                        ; On                 ; On                 ;
; Report Connectivity Checks                                       ; On                 ; On                 ;
; Ignore Maximum Fan-Out Assignments                               ; Off                ; Off                ;
; Synchronization Register Chain Length                            ; 2                  ; 2                  ;
; Power Optimization During Synthesis                              ; Normal compilation ; Normal compilation ;
; HDL message level                                                ; Level2             ; Level2             ;
; Suppress Register Optimization Related Messages                  ; Off                ; Off                ;
; Number of Removed Registers Reported in Synthesis Report         ; 5000               ; 5000               ;
; Number of Swept Nodes Reported in Synthesis Report               ; 5000               ; 5000               ;
; Number of Inverted Registers Reported in Synthesis Report        ; 100                ; 100                ;
; Clock MUX Protection                                             ; On                 ; On                 ;
; Auto Gated Clock Conversion                                      ; Off                ; Off                ;
; Block Design Naming                                              ; Auto               ; Auto               ;
; SDC constraint protection                                        ; Off                ; Off                ;
; Synthesis Effort                                                 ; Auto               ; Auto               ;
; Shift Register Replacement - Allow Asynchronous Clear Signal     ; On                 ; On                 ;
; Pre-Mapping Resynthesis Optimization                             ; Off                ; Off                ;
; Analysis & Synthesis Message Level                               ; Medium             ; Medium             ;
; Disable Register Merging Across Hierarchies                      ; Auto               ; Auto               ;
; Resource Aware Inference For Block RAM                           ; On                 ; On                 ;
+------------------------------------------------------------------+--------------------+--------------------+


+------------------------------------------+
; Parallel Compilation                     ;
+----------------------------+-------------+
; Processors                 ; Number      ;
+----------------------------+-------------+
; Number detected on machine ; 12          ;
; Maximum allowed            ; 6           ;
;                            ;             ;
; Average used               ; 1.00        ;
; Maximum used               ; 6           ;
;                            ;             ;
; Usage by Processor         ; % Time Used ;
;     Processor 1            ; 100.0%      ;
;     Processors 2-6         ;   0.0%      ;
+----------------------------+-------------+


+-----------------------------------------------------------------------------------------------------------------------------------------------------------------------------------+
; Analysis & Synthesis Source Files Read                                                                                                                                            ;
+----------------------------------+-----------------+------------------------------------+-------------------------------------------------------------------------------+---------+
; File Name with User-Entered Path ; Used in Netlist ; File Type                          ; File Name with Absolute Path                                                  ; Library ;
+----------------------------------+-----------------+------------------------------------+-------------------------------------------------------------------------------+---------+
; counter.sv                       ; yes             ; User SystemVerilog HDL File        ; C:/Users/ogw/OneDrive/Documents/ECE 272/Lab5/counter.sv                       ;         ;
; comparator.sv                    ; yes             ; User SystemVerilog HDL File        ; C:/Users/ogw/OneDrive/Documents/ECE 272/Lab5/comparator.sv                    ;         ;
; sync.sv                          ; yes             ; User SystemVerilog HDL File        ; C:/Users/ogw/OneDrive/Documents/ECE 272/Lab5/sync.sv                          ;         ;
; sevenSegDriver.sv                ; yes             ; User SystemVerilog HDL File        ; C:/Users/ogw/OneDrive/Documents/ECE 272/Lab5/sevenSegDriver.sv                ;         ;
; parser.sv                        ; yes             ; User SystemVerilog HDL File        ; C:/Users/ogw/OneDrive/Documents/ECE 272/Lab5/parser.sv                        ;         ;
; clock.bdf                        ; yes             ; User Block Diagram/Schematic File  ; C:/Users/ogw/OneDrive/Documents/ECE 272/Lab5/clock.bdf                        ;         ;
; SMHClock.bdf                     ; yes             ; User Block Diagram/Schematic File  ; C:/Users/ogw/OneDrive/Documents/ECE 272/Lab5/SMHClock.bdf                     ;         ;
; SecondCLK.bdf                    ; yes             ; User Block Diagram/Schematic File  ; C:/Users/ogw/OneDrive/Documents/ECE 272/Lab5/SecondCLK.bdf                    ;         ;
; lpm_divide.tdf                   ; yes             ; Megafunction                       ; c:/intelfpga_lite/22.1std/quartus/libraries/megafunctions/lpm_divide.tdf      ;         ;
; abs_divider.inc                  ; yes             ; Megafunction                       ; c:/intelfpga_lite/22.1std/quartus/libraries/megafunctions/abs_divider.inc     ;         ;
; sign_div_unsign.inc              ; yes             ; Megafunction                       ; c:/intelfpga_lite/22.1std/quartus/libraries/megafunctions/sign_div_unsign.inc ;         ;
; aglobal221.inc                   ; yes             ; Megafunction                       ; c:/intelfpga_lite/22.1std/quartus/libraries/megafunctions/aglobal221.inc      ;         ;
; db/lpm_divide_ckl.tdf            ; yes             ; Auto-Generated Megafunction        ; C:/Users/ogw/OneDrive/Documents/ECE 272/Lab5/db/lpm_divide_ckl.tdf            ;         ;
; db/sign_div_unsign_bkh.tdf       ; yes             ; Auto-Generated Megafunction        ; C:/Users/ogw/OneDrive/Documents/ECE 272/Lab5/db/sign_div_unsign_bkh.tdf       ;         ;
; db/alt_u_div_0fe.tdf             ; yes             ; Auto-Generated Megafunction        ; C:/Users/ogw/OneDrive/Documents/ECE 272/Lab5/db/alt_u_div_0fe.tdf             ;         ;
; db/add_sub_t3c.tdf               ; yes             ; Auto-Generated Megafunction        ; C:/Users/ogw/OneDrive/Documents/ECE 272/Lab5/db/add_sub_t3c.tdf               ;         ;
; db/add_sub_u3c.tdf               ; yes             ; Auto-Generated Megafunction        ; C:/Users/ogw/OneDrive/Documents/ECE 272/Lab5/db/add_sub_u3c.tdf               ;         ;
; db/lpm_divide_9sl.tdf            ; yes             ; Auto-Generated Megafunction        ; C:/Users/ogw/OneDrive/Documents/ECE 272/Lab5/db/lpm_divide_9sl.tdf            ;         ;
+----------------------------------+-----------------+------------------------------------+-------------------------------------------------------------------------------+---------+


+----------------------------------------------------------+
; Analysis & Synthesis Resource Usage Summary              ;
+---------------------------------------------+------------+
; Resource                                    ; Usage      ;
+---------------------------------------------+------------+
; Estimated Total logic elements              ; 457        ;
;                                             ;            ;
; Total combinational functions               ; 453        ;
; Logic element usage by number of LUT inputs ;            ;
;     -- 4 input functions                    ; 96         ;
;     -- 3 input functions                    ; 103        ;
;     -- <=2 input functions                  ; 254        ;
;                                             ;            ;
; Logic elements by mode                      ;            ;
;     -- normal mode                          ; 297        ;
;     -- arithmetic mode                      ; 156        ;
;                                             ;            ;
; Total registers                             ; 58         ;
;     -- Dedicated logic registers            ; 58         ;
;     -- I/O registers                        ; 0          ;
;                                             ;            ;
; I/O pins                                    ; 44         ;
;                                             ;            ;
; Embedded Multiplier 9-bit elements          ; 0          ;
;                                             ;            ;
; Maximum fan-out node                        ; FCLK~input ;
; Maximum fan-out                             ; 28         ;
; Total fan-out                               ; 1385       ;
; Average fan-out                             ; 2.31       ;
+---------------------------------------------+------------+


+-----------------------------------------------------------------------------------------------------------------------------------------------------------------------------------------------------------------------------------------------------------------------------------------------------------------------------------------------------------------------------+
; Analysis & Synthesis Resource Utilization by Entity                                                                                                                                                                                                                                                                                                                         ;
+----------------------------------------------+---------------------+---------------------------+-------------+------------+--------------+---------+-----------+------+--------------+------------+------------------------------------------------------------------------------------------------------------------------------------+---------------------+--------------+
; Compilation Hierarchy Node                   ; Combinational ALUTs ; Dedicated Logic Registers ; Memory Bits ; UFM Blocks ; DSP Elements ; DSP 9x9 ; DSP 18x18 ; Pins ; Virtual Pins ; ADC blocks ; Full Hierarchy Name                                                                                                                ; Entity Name         ; Library Name ;
+----------------------------------------------+---------------------+---------------------------+-------------+------------+--------------+---------+-----------+------+--------------+------------+------------------------------------------------------------------------------------------------------------------------------------+---------------------+--------------+
; |SMHClock                                    ; 453 (0)             ; 58 (0)                    ; 0           ; 0          ; 0            ; 0       ; 0         ; 44   ; 0            ; 0          ; |SMHClock                                                                                                                          ; SMHClock            ; work         ;
;    |SecondCLK:inst4|                         ; 33 (1)              ; 28 (0)                    ; 0           ; 0          ; 0            ; 0       ; 0         ; 0    ; 0            ; 0          ; |SMHClock|SecondCLK:inst4                                                                                                          ; SecondCLK           ; work         ;
;       |comparator:inst7|                     ; 6 (6)               ; 0 (0)                     ; 0           ; 0          ; 0            ; 0       ; 0         ; 0    ; 0            ; 0          ; |SMHClock|SecondCLK:inst4|comparator:inst7                                                                                         ; comparator          ; work         ;
;       |counter:inst4|                        ; 26 (26)             ; 26 (26)                   ; 0           ; 0          ; 0            ; 0       ; 0         ; 0    ; 0            ; 0          ; |SMHClock|SecondCLK:inst4|counter:inst4                                                                                            ; counter             ; work         ;
;       |sync:inst5|                           ; 0 (0)               ; 2 (2)                     ; 0           ; 0          ; 0            ; 0       ; 0         ; 0    ; 0            ; 0          ; |SMHClock|SecondCLK:inst4|sync:inst5                                                                                               ; sync                ; work         ;
;    |clock:inst2|                             ; 140 (1)             ; 10 (0)                    ; 0           ; 0          ; 0            ; 0       ; 0         ; 0    ; 0            ; 0          ; |SMHClock|clock:inst2                                                                                                              ; clock               ; work         ;
;       |SevSegDriver:inst6|                   ; 7 (7)               ; 0 (0)                     ; 0           ; 0          ; 0            ; 0       ; 0         ; 0    ; 0            ; 0          ; |SMHClock|clock:inst2|SevSegDriver:inst6                                                                                           ; SevSegDriver        ; work         ;
;       |SevSegDriver:inst7|                   ; 7 (7)               ; 0 (0)                     ; 0           ; 0          ; 0            ; 0       ; 0         ; 0    ; 0            ; 0          ; |SMHClock|clock:inst2|SevSegDriver:inst7                                                                                           ; SevSegDriver        ; work         ;
;       |comparator:inst4|                     ; 2 (2)               ; 0 (0)                     ; 0           ; 0          ; 0            ; 0       ; 0         ; 0    ; 0            ; 0          ; |SMHClock|clock:inst2|comparator:inst4                                                                                             ; comparator          ; work         ;
;       |counter:inst|                         ; 8 (8)               ; 8 (8)                     ; 0           ; 0          ; 0            ; 0       ; 0         ; 0    ; 0            ; 0          ; |SMHClock|clock:inst2|counter:inst                                                                                                 ; counter             ; work         ;
;       |parser:inst2|                         ; 115 (0)             ; 0 (0)                     ; 0           ; 0          ; 0            ; 0       ; 0         ; 0    ; 0            ; 0          ; |SMHClock|clock:inst2|parser:inst2                                                                                                 ; parser              ; work         ;
;          |lpm_divide:Div0|                   ; 56 (0)              ; 0 (0)                     ; 0           ; 0          ; 0            ; 0       ; 0         ; 0    ; 0            ; 0          ; |SMHClock|clock:inst2|parser:inst2|lpm_divide:Div0                                                                                 ; lpm_divide          ; work         ;
;             |lpm_divide_9sl:auto_generated|  ; 56 (0)              ; 0 (0)                     ; 0           ; 0          ; 0            ; 0       ; 0         ; 0    ; 0            ; 0          ; |SMHClock|clock:inst2|parser:inst2|lpm_divide:Div0|lpm_divide_9sl:auto_generated                                                   ; lpm_divide_9sl      ; work         ;
;                |sign_div_unsign_bkh:divider| ; 56 (0)              ; 0 (0)                     ; 0           ; 0          ; 0            ; 0       ; 0         ; 0    ; 0            ; 0          ; |SMHClock|clock:inst2|parser:inst2|lpm_divide:Div0|lpm_divide_9sl:auto_generated|sign_div_unsign_bkh:divider                       ; sign_div_unsign_bkh ; work         ;
;                   |alt_u_div_0fe:divider|    ; 56 (56)             ; 0 (0)                     ; 0           ; 0          ; 0            ; 0       ; 0         ; 0    ; 0            ; 0          ; |SMHClock|clock:inst2|parser:inst2|lpm_divide:Div0|lpm_divide_9sl:auto_generated|sign_div_unsign_bkh:divider|alt_u_div_0fe:divider ; alt_u_div_0fe       ; work         ;
;          |lpm_divide:Mod0|                   ; 59 (0)              ; 0 (0)                     ; 0           ; 0          ; 0            ; 0       ; 0         ; 0    ; 0            ; 0          ; |SMHClock|clock:inst2|parser:inst2|lpm_divide:Mod0                                                                                 ; lpm_divide          ; work         ;
;             |lpm_divide_ckl:auto_generated|  ; 59 (0)              ; 0 (0)                     ; 0           ; 0          ; 0            ; 0       ; 0         ; 0    ; 0            ; 0          ; |SMHClock|clock:inst2|parser:inst2|lpm_divide:Mod0|lpm_divide_ckl:auto_generated                                                   ; lpm_divide_ckl      ; work         ;
;                |sign_div_unsign_bkh:divider| ; 59 (0)              ; 0 (0)                     ; 0           ; 0          ; 0            ; 0       ; 0         ; 0    ; 0            ; 0          ; |SMHClock|clock:inst2|parser:inst2|lpm_divide:Mod0|lpm_divide_ckl:auto_generated|sign_div_unsign_bkh:divider                       ; sign_div_unsign_bkh ; work         ;
;                   |alt_u_div_0fe:divider|    ; 59 (59)             ; 0 (0)                     ; 0           ; 0          ; 0            ; 0       ; 0         ; 0    ; 0            ; 0          ; |SMHClock|clock:inst2|parser:inst2|lpm_divide:Mod0|lpm_divide_ckl:auto_generated|sign_div_unsign_bkh:divider|alt_u_div_0fe:divider ; alt_u_div_0fe       ; work         ;
;       |sync:inst3|                           ; 0 (0)               ; 2 (2)                     ; 0           ; 0          ; 0            ; 0       ; 0         ; 0    ; 0            ; 0          ; |SMHClock|clock:inst2|sync:inst3                                                                                                   ; sync                ; work         ;
;    |clock:inst3|                             ; 140 (1)             ; 10 (0)                    ; 0           ; 0          ; 0            ; 0       ; 0         ; 0    ; 0            ; 0          ; |SMHClock|clock:inst3                                                                                                              ; clock               ; work         ;
;       |SevSegDriver:inst6|                   ; 7 (7)               ; 0 (0)                     ; 0           ; 0          ; 0            ; 0       ; 0         ; 0    ; 0            ; 0          ; |SMHClock|clock:inst3|SevSegDriver:inst6                                                                                           ; SevSegDriver        ; work         ;
;       |SevSegDriver:inst7|                   ; 7 (7)               ; 0 (0)                     ; 0           ; 0          ; 0            ; 0       ; 0         ; 0    ; 0            ; 0          ; |SMHClock|clock:inst3|SevSegDriver:inst7                                                                                           ; SevSegDriver        ; work         ;
;       |comparator:inst4|                     ; 2 (2)               ; 0 (0)                     ; 0           ; 0          ; 0            ; 0       ; 0         ; 0    ; 0            ; 0          ; |SMHClock|clock:inst3|comparator:inst4                                                                                             ; comparator          ; work         ;
;       |counter:inst|                         ; 8 (8)               ; 8 (8)                     ; 0           ; 0          ; 0            ; 0       ; 0         ; 0    ; 0            ; 0          ; |SMHClock|clock:inst3|counter:inst                                                                                                 ; counter             ; work         ;
;       |parser:inst2|                         ; 115 (0)             ; 0 (0)                     ; 0           ; 0          ; 0            ; 0       ; 0         ; 0    ; 0            ; 0          ; |SMHClock|clock:inst3|parser:inst2                                                                                                 ; parser              ; work         ;
;          |lpm_divide:Div0|                   ; 56 (0)              ; 0 (0)                     ; 0           ; 0          ; 0            ; 0       ; 0         ; 0    ; 0            ; 0          ; |SMHClock|clock:inst3|parser:inst2|lpm_divide:Div0                                                                                 ; lpm_divide          ; work         ;
;             |lpm_divide_9sl:auto_generated|  ; 56 (0)              ; 0 (0)                     ; 0           ; 0          ; 0            ; 0       ; 0         ; 0    ; 0            ; 0          ; |SMHClock|clock:inst3|parser:inst2|lpm_divide:Div0|lpm_divide_9sl:auto_generated                                                   ; lpm_divide_9sl      ; work         ;
;                |sign_div_unsign_bkh:divider| ; 56 (0)              ; 0 (0)                     ; 0           ; 0          ; 0            ; 0       ; 0         ; 0    ; 0            ; 0          ; |SMHClock|clock:inst3|parser:inst2|lpm_divide:Div0|lpm_divide_9sl:auto_generated|sign_div_unsign_bkh:divider                       ; sign_div_unsign_bkh ; work         ;
;                   |alt_u_div_0fe:divider|    ; 56 (56)             ; 0 (0)                     ; 0           ; 0          ; 0            ; 0       ; 0         ; 0    ; 0            ; 0          ; |SMHClock|clock:inst3|parser:inst2|lpm_divide:Div0|lpm_divide_9sl:auto_generated|sign_div_unsign_bkh:divider|alt_u_div_0fe:divider ; alt_u_div_0fe       ; work         ;
;          |lpm_divide:Mod0|                   ; 59 (0)              ; 0 (0)                     ; 0           ; 0          ; 0            ; 0       ; 0         ; 0    ; 0            ; 0          ; |SMHClock|clock:inst3|parser:inst2|lpm_divide:Mod0                                                                                 ; lpm_divide          ; work         ;
;             |lpm_divide_ckl:auto_generated|  ; 59 (0)              ; 0 (0)                     ; 0           ; 0          ; 0            ; 0       ; 0         ; 0    ; 0            ; 0          ; |SMHClock|clock:inst3|parser:inst2|lpm_divide:Mod0|lpm_divide_ckl:auto_generated                                                   ; lpm_divide_ckl      ; work         ;
;                |sign_div_unsign_bkh:divider| ; 59 (0)              ; 0 (0)                     ; 0           ; 0          ; 0            ; 0       ; 0         ; 0    ; 0            ; 0          ; |SMHClock|clock:inst3|parser:inst2|lpm_divide:Mod0|lpm_divide_ckl:auto_generated|sign_div_unsign_bkh:divider                       ; sign_div_unsign_bkh ; work         ;
;                   |alt_u_div_0fe:divider|    ; 59 (59)             ; 0 (0)                     ; 0           ; 0          ; 0            ; 0       ; 0         ; 0    ; 0            ; 0          ; |SMHClock|clock:inst3|parser:inst2|lpm_divide:Mod0|lpm_divide_ckl:auto_generated|sign_div_unsign_bkh:divider|alt_u_div_0fe:divider ; alt_u_div_0fe       ; work         ;
;       |sync:inst3|                           ; 0 (0)               ; 2 (2)                     ; 0           ; 0          ; 0            ; 0       ; 0         ; 0    ; 0            ; 0          ; |SMHClock|clock:inst3|sync:inst3                                                                                                   ; sync                ; work         ;
;    |clock:inst|                              ; 140 (1)             ; 10 (0)                    ; 0           ; 0          ; 0            ; 0       ; 0         ; 0    ; 0            ; 0          ; |SMHClock|clock:inst                                                                                                               ; clock               ; work         ;
;       |SevSegDriver:inst6|                   ; 7 (7)               ; 0 (0)                     ; 0           ; 0          ; 0            ; 0       ; 0         ; 0    ; 0            ; 0          ; |SMHClock|clock:inst|SevSegDriver:inst6                                                                                            ; SevSegDriver        ; work         ;
;       |SevSegDriver:inst7|                   ; 7 (7)               ; 0 (0)                     ; 0           ; 0          ; 0            ; 0       ; 0         ; 0    ; 0            ; 0          ; |SMHClock|clock:inst|SevSegDriver:inst7                                                                                            ; SevSegDriver        ; work         ;
;       |comparator:inst4|                     ; 2 (2)               ; 0 (0)                     ; 0           ; 0          ; 0            ; 0       ; 0         ; 0    ; 0            ; 0          ; |SMHClock|clock:inst|comparator:inst4                                                                                              ; comparator          ; work         ;
;       |counter:inst|                         ; 8 (8)               ; 8 (8)                     ; 0           ; 0          ; 0            ; 0       ; 0         ; 0    ; 0            ; 0          ; |SMHClock|clock:inst|counter:inst                                                                                                  ; counter             ; work         ;
;       |parser:inst2|                         ; 115 (0)             ; 0 (0)                     ; 0           ; 0          ; 0            ; 0       ; 0         ; 0    ; 0            ; 0          ; |SMHClock|clock:inst|parser:inst2                                                                                                  ; parser              ; work         ;
;          |lpm_divide:Div0|                   ; 56 (0)              ; 0 (0)                     ; 0           ; 0          ; 0            ; 0       ; 0         ; 0    ; 0            ; 0          ; |SMHClock|clock:inst|parser:inst2|lpm_divide:Div0                                                                                  ; lpm_divide          ; work         ;
;             |lpm_divide_9sl:auto_generated|  ; 56 (0)              ; 0 (0)                     ; 0           ; 0          ; 0            ; 0       ; 0         ; 0    ; 0            ; 0          ; |SMHClock|clock:inst|parser:inst2|lpm_divide:Div0|lpm_divide_9sl:auto_generated                                                    ; lpm_divide_9sl      ; work         ;
;                |sign_div_unsign_bkh:divider| ; 56 (0)              ; 0 (0)                     ; 0           ; 0          ; 0            ; 0       ; 0         ; 0    ; 0            ; 0          ; |SMHClock|clock:inst|parser:inst2|lpm_divide:Div0|lpm_divide_9sl:auto_generated|sign_div_unsign_bkh:divider                        ; sign_div_unsign_bkh ; work         ;
;                   |alt_u_div_0fe:divider|    ; 56 (56)             ; 0 (0)                     ; 0           ; 0          ; 0            ; 0       ; 0         ; 0    ; 0            ; 0          ; |SMHClock|clock:inst|parser:inst2|lpm_divide:Div0|lpm_divide_9sl:auto_generated|sign_div_unsign_bkh:divider|alt_u_div_0fe:divider  ; alt_u_div_0fe       ; work         ;
;          |lpm_divide:Mod0|                   ; 59 (0)              ; 0 (0)                     ; 0           ; 0          ; 0            ; 0       ; 0         ; 0    ; 0            ; 0          ; |SMHClock|clock:inst|parser:inst2|lpm_divide:Mod0                                                                                  ; lpm_divide          ; work         ;
;             |lpm_divide_ckl:auto_generated|  ; 59 (0)              ; 0 (0)                     ; 0           ; 0          ; 0            ; 0       ; 0         ; 0    ; 0            ; 0          ; |SMHClock|clock:inst|parser:inst2|lpm_divide:Mod0|lpm_divide_ckl:auto_generated                                                    ; lpm_divide_ckl      ; work         ;
;                |sign_div_unsign_bkh:divider| ; 59 (0)              ; 0 (0)                     ; 0           ; 0          ; 0            ; 0       ; 0         ; 0    ; 0            ; 0          ; |SMHClock|clock:inst|parser:inst2|lpm_divide:Mod0|lpm_divide_ckl:auto_generated|sign_div_unsign_bkh:divider                        ; sign_div_unsign_bkh ; work         ;
;                   |alt_u_div_0fe:divider|    ; 59 (59)             ; 0 (0)                     ; 0           ; 0          ; 0            ; 0       ; 0         ; 0    ; 0            ; 0          ; |SMHClock|clock:inst|parser:inst2|lpm_divide:Mod0|lpm_divide_ckl:auto_generated|sign_div_unsign_bkh:divider|alt_u_div_0fe:divider  ; alt_u_div_0fe       ; work         ;
;       |sync:inst3|                           ; 0 (0)               ; 2 (2)                     ; 0           ; 0          ; 0            ; 0       ; 0         ; 0    ; 0            ; 0          ; |SMHClock|clock:inst|sync:inst3                                                                                                    ; sync                ; work         ;
+----------------------------------------------+---------------------+---------------------------+-------------+------------+--------------+---------+-----------+------+--------------+------------+------------------------------------------------------------------------------------------------------------------------------------+---------------------+--------------+
Note: For table entries with two numbers listed, the numbers in parentheses indicate the number of resources of the given type used by the specific entity alone. The numbers listed outside of parentheses indicate the total resources of the given type used by the specific entity and all of its sub-entities in the hierarchy.


+------------------------------------------------------+
; General Register Statistics                          ;
+----------------------------------------------+-------+
; Statistic                                    ; Value ;
+----------------------------------------------+-------+
; Total registers                              ; 58    ;
; Number of registers using Synchronous Clear  ; 0     ;
; Number of registers using Synchronous Load   ; 0     ;
; Number of registers using Asynchronous Clear ; 50    ;
; Number of registers using Asynchronous Load  ; 0     ;
; Number of registers using Clock Enable       ; 0     ;
; Number of registers using Preset             ; 0     ;
+----------------------------------------------+-------+


+--------------------------------------------------------------------------+
; Parameter Settings for User Entity Instance: clock:inst|comparator:inst4 ;
+----------------+-------+-------------------------------------------------+
; Parameter Name ; Value ; Type                                            ;
+----------------+-------+-------------------------------------------------+
; N              ; 8     ; Signed Integer                                  ;
; B              ; 58    ; Signed Integer                                  ;
+----------------+-------+-------------------------------------------------+
Note: In order to hide this table in the UI and the text report file, please set the "Show Parameter Settings in Synthesis Report" option in "Analysis and Synthesis Settings -> More Settings" to "Off".


+----------------------------------------------------------------------+
; Parameter Settings for User Entity Instance: clock:inst|counter:inst ;
+----------------+-------+---------------------------------------------+
; Parameter Name ; Value ; Type                                        ;
+----------------+-------+---------------------------------------------+
; N              ; 8     ; Signed Integer                              ;
+----------------+-------+---------------------------------------------+
Note: In order to hide this table in the UI and the text report file, please set the "Show Parameter Settings in Synthesis Report" option in "Analysis and Synthesis Settings -> More Settings" to "Off".


+-------------------------------------------------------------------------------+
; Parameter Settings for User Entity Instance: SecondCLK:inst4|comparator:inst7 ;
+----------------+----------+---------------------------------------------------+
; Parameter Name ; Value    ; Type                                              ;
+----------------+----------+---------------------------------------------------+
; N              ; 26       ; Signed Integer                                    ;
; B              ; 50000000 ; Signed Integer                                    ;
+----------------+----------+---------------------------------------------------+
Note: In order to hide this table in the UI and the text report file, please set the "Show Parameter Settings in Synthesis Report" option in "Analysis and Synthesis Settings -> More Settings" to "Off".


+----------------------------------------------------------------------------+
; Parameter Settings for User Entity Instance: SecondCLK:inst4|counter:inst4 ;
+----------------+-------+---------------------------------------------------+
; Parameter Name ; Value ; Type                                              ;
+----------------+-------+---------------------------------------------------+
; N              ; 26    ; Signed Integer                                    ;
+----------------+-------+---------------------------------------------------+
Note: In order to hide this table in the UI and the text report file, please set the "Show Parameter Settings in Synthesis Report" option in "Analysis and Synthesis Settings -> More Settings" to "Off".


+---------------------------------------------------------------------------+
; Parameter Settings for User Entity Instance: clock:inst2|comparator:inst4 ;
+----------------+-------+--------------------------------------------------+
; Parameter Name ; Value ; Type                                             ;
+----------------+-------+--------------------------------------------------+
; N              ; 8     ; Signed Integer                                   ;
; B              ; 58    ; Signed Integer                                   ;
+----------------+-------+--------------------------------------------------+
Note: In order to hide this table in the UI and the text report file, please set the "Show Parameter Settings in Synthesis Report" option in "Analysis and Synthesis Settings -> More Settings" to "Off".


+-----------------------------------------------------------------------+
; Parameter Settings for User Entity Instance: clock:inst2|counter:inst ;
+----------------+-------+----------------------------------------------+
; Parameter Name ; Value ; Type                                         ;
+----------------+-------+----------------------------------------------+
; N              ; 8     ; Signed Integer                               ;
+----------------+-------+----------------------------------------------+
Note: In order to hide this table in the UI and the text report file, please set the "Show Parameter Settings in Synthesis Report" option in "Analysis and Synthesis Settings -> More Settings" to "Off".


+---------------------------------------------------------------------------+
; Parameter Settings for User Entity Instance: clock:inst3|comparator:inst4 ;
+----------------+-------+--------------------------------------------------+
; Parameter Name ; Value ; Type                                             ;
+----------------+-------+--------------------------------------------------+
; N              ; 8     ; Signed Integer                                   ;
; B              ; 58    ; Signed Integer                                   ;
+----------------+-------+--------------------------------------------------+
Note: In order to hide this table in the UI and the text report file, please set the "Show Parameter Settings in Synthesis Report" option in "Analysis and Synthesis Settings -> More Settings" to "Off".


+-----------------------------------------------------------------------+
; Parameter Settings for User Entity Instance: clock:inst3|counter:inst ;
+----------------+-------+----------------------------------------------+
; Parameter Name ; Value ; Type                                         ;
+----------------+-------+----------------------------------------------+
; N              ; 8     ; Signed Integer                               ;
+----------------+-------+----------------------------------------------+
Note: In order to hide this table in the UI and the text report file, please set the "Show Parameter Settings in Synthesis Report" option in "Analysis and Synthesis Settings -> More Settings" to "Off".


+------------------------------------------------------------------------------------------+
; Parameter Settings for Inferred Entity Instance: clock:inst|parser:inst2|lpm_divide:Mod0 ;
+------------------------+----------------+------------------------------------------------+
; Parameter Name         ; Value          ; Type                                           ;
+------------------------+----------------+------------------------------------------------+
; LPM_WIDTHN             ; 8              ; Untyped                                        ;
; LPM_WIDTHD             ; 4              ; Untyped                                        ;
; LPM_NREPRESENTATION    ; UNSIGNED       ; Untyped                                        ;
; LPM_DREPRESENTATION    ; UNSIGNED       ; Untyped                                        ;
; LPM_PIPELINE           ; 0              ; Untyped                                        ;
; LPM_REMAINDERPOSITIVE  ; TRUE           ; Untyped                                        ;
; MAXIMIZE_SPEED         ; 5              ; Untyped                                        ;
; CBXI_PARAMETER         ; lpm_divide_ckl ; Untyped                                        ;
; CARRY_CHAIN            ; MANUAL         ; Untyped                                        ;
; OPTIMIZE_FOR_SPEED     ; 5              ; Untyped                                        ;
; AUTO_CARRY_CHAINS      ; ON             ; AUTO_CARRY                                     ;
; IGNORE_CARRY_BUFFERS   ; OFF            ; IGNORE_CARRY                                   ;
; AUTO_CASCADE_CHAINS    ; ON             ; AUTO_CASCADE                                   ;
; IGNORE_CASCADE_BUFFERS ; OFF            ; IGNORE_CASCADE                                 ;
+------------------------+----------------+------------------------------------------------+
Note: In order to hide this table in the UI and the text report file, please set the "Show Parameter Settings in Synthesis Report" option in "Analysis and Synthesis Settings -> More Settings" to "Off".


+------------------------------------------------------------------------------------------+
; Parameter Settings for Inferred Entity Instance: clock:inst|parser:inst2|lpm_divide:Div0 ;
+------------------------+----------------+------------------------------------------------+
; Parameter Name         ; Value          ; Type                                           ;
+------------------------+----------------+------------------------------------------------+
; LPM_WIDTHN             ; 8              ; Untyped                                        ;
; LPM_WIDTHD             ; 4              ; Untyped                                        ;
; LPM_NREPRESENTATION    ; UNSIGNED       ; Untyped                                        ;
; LPM_DREPRESENTATION    ; UNSIGNED       ; Untyped                                        ;
; LPM_PIPELINE           ; 0              ; Untyped                                        ;
; LPM_REMAINDERPOSITIVE  ; TRUE           ; Untyped                                        ;
; MAXIMIZE_SPEED         ; 5              ; Untyped                                        ;
; CBXI_PARAMETER         ; lpm_divide_9sl ; Untyped                                        ;
; CARRY_CHAIN            ; MANUAL         ; Untyped                                        ;
; OPTIMIZE_FOR_SPEED     ; 5              ; Untyped                                        ;
; AUTO_CARRY_CHAINS      ; ON             ; AUTO_CARRY                                     ;
; IGNORE_CARRY_BUFFERS   ; OFF            ; IGNORE_CARRY                                   ;
; AUTO_CASCADE_CHAINS    ; ON             ; AUTO_CASCADE                                   ;
; IGNORE_CASCADE_BUFFERS ; OFF            ; IGNORE_CASCADE                                 ;
+------------------------+----------------+------------------------------------------------+
Note: In order to hide this table in the UI and the text report file, please set the "Show Parameter Settings in Synthesis Report" option in "Analysis and Synthesis Settings -> More Settings" to "Off".


+-------------------------------------------------------------------------------------------+
; Parameter Settings for Inferred Entity Instance: clock:inst2|parser:inst2|lpm_divide:Mod0 ;
+------------------------+----------------+-------------------------------------------------+
; Parameter Name         ; Value          ; Type                                            ;
+------------------------+----------------+-------------------------------------------------+
; LPM_WIDTHN             ; 8              ; Untyped                                         ;
; LPM_WIDTHD             ; 4              ; Untyped                                         ;
; LPM_NREPRESENTATION    ; UNSIGNED       ; Untyped                                         ;
; LPM_DREPRESENTATION    ; UNSIGNED       ; Untyped                                         ;
; LPM_PIPELINE           ; 0              ; Untyped                                         ;
; LPM_REMAINDERPOSITIVE  ; TRUE           ; Untyped                                         ;
; MAXIMIZE_SPEED         ; 5              ; Untyped                                         ;
; CBXI_PARAMETER         ; lpm_divide_ckl ; Untyped                                         ;
; CARRY_CHAIN            ; MANUAL         ; Untyped                                         ;
; OPTIMIZE_FOR_SPEED     ; 5              ; Untyped                                         ;
; AUTO_CARRY_CHAINS      ; ON             ; AUTO_CARRY                                      ;
; IGNORE_CARRY_BUFFERS   ; OFF            ; IGNORE_CARRY                                    ;
; AUTO_CASCADE_CHAINS    ; ON             ; AUTO_CASCADE                                    ;
; IGNORE_CASCADE_BUFFERS ; OFF            ; IGNORE_CASCADE                                  ;
+------------------------+----------------+-------------------------------------------------+
Note: In order to hide this table in the UI and the text report file, please set the "Show Parameter Settings in Synthesis Report" option in "Analysis and Synthesis Settings -> More Settings" to "Off".


+-------------------------------------------------------------------------------------------+
; Parameter Settings for Inferred Entity Instance: clock:inst2|parser:inst2|lpm_divide:Div0 ;
+------------------------+----------------+-------------------------------------------------+
; Parameter Name         ; Value          ; Type                                            ;
+------------------------+----------------+-------------------------------------------------+
; LPM_WIDTHN             ; 8              ; Untyped                                         ;
; LPM_WIDTHD             ; 4              ; Untyped                                         ;
; LPM_NREPRESENTATION    ; UNSIGNED       ; Untyped                                         ;
; LPM_DREPRESENTATION    ; UNSIGNED       ; Untyped                                         ;
; LPM_PIPELINE           ; 0              ; Untyped                                         ;
; LPM_REMAINDERPOSITIVE  ; TRUE           ; Untyped                                         ;
; MAXIMIZE_SPEED         ; 5              ; Untyped                                         ;
; CBXI_PARAMETER         ; lpm_divide_9sl ; Untyped                                         ;
; CARRY_CHAIN            ; MANUAL         ; Untyped                                         ;
; OPTIMIZE_FOR_SPEED     ; 5              ; Untyped                                         ;
; AUTO_CARRY_CHAINS      ; ON             ; AUTO_CARRY                                      ;
; IGNORE_CARRY_BUFFERS   ; OFF            ; IGNORE_CARRY                                    ;
; AUTO_CASCADE_CHAINS    ; ON             ; AUTO_CASCADE                                    ;
; IGNORE_CASCADE_BUFFERS ; OFF            ; IGNORE_CASCADE                                  ;
+------------------------+----------------+-------------------------------------------------+
Note: In order to hide this table in the UI and the text report file, please set the "Show Parameter Settings in Synthesis Report" option in "Analysis and Synthesis Settings -> More Settings" to "Off".


+-------------------------------------------------------------------------------------------+
; Parameter Settings for Inferred Entity Instance: clock:inst3|parser:inst2|lpm_divide:Mod0 ;
+------------------------+----------------+-------------------------------------------------+
; Parameter Name         ; Value          ; Type                                            ;
+------------------------+----------------+-------------------------------------------------+
; LPM_WIDTHN             ; 8              ; Untyped                                         ;
; LPM_WIDTHD             ; 4              ; Untyped                                         ;
; LPM_NREPRESENTATION    ; UNSIGNED       ; Untyped                                         ;
; LPM_DREPRESENTATION    ; UNSIGNED       ; Untyped                                         ;
; LPM_PIPELINE           ; 0              ; Untyped                                         ;
; LPM_REMAINDERPOSITIVE  ; TRUE           ; Untyped                                         ;
; MAXIMIZE_SPEED         ; 5              ; Untyped                                         ;
; CBXI_PARAMETER         ; lpm_divide_ckl ; Untyped                                         ;
; CARRY_CHAIN            ; MANUAL         ; Untyped                                         ;
; OPTIMIZE_FOR_SPEED     ; 5              ; Untyped                                         ;
; AUTO_CARRY_CHAINS      ; ON             ; AUTO_CARRY                                      ;
; IGNORE_CARRY_BUFFERS   ; OFF            ; IGNORE_CARRY                                    ;
; AUTO_CASCADE_CHAINS    ; ON             ; AUTO_CASCADE                                    ;
; IGNORE_CASCADE_BUFFERS ; OFF            ; IGNORE_CASCADE                                  ;
+------------------------+----------------+-------------------------------------------------+
Note: In order to hide this table in the UI and the text report file, please set the "Show Parameter Settings in Synthesis Report" option in "Analysis and Synthesis Settings -> More Settings" to "Off".


+-------------------------------------------------------------------------------------------+
; Parameter Settings for Inferred Entity Instance: clock:inst3|parser:inst2|lpm_divide:Div0 ;
+------------------------+----------------+-------------------------------------------------+
; Parameter Name         ; Value          ; Type                                            ;
+------------------------+----------------+-------------------------------------------------+
; LPM_WIDTHN             ; 8              ; Untyped                                         ;
; LPM_WIDTHD             ; 4              ; Untyped                                         ;
; LPM_NREPRESENTATION    ; UNSIGNED       ; Untyped                                         ;
; LPM_DREPRESENTATION    ; UNSIGNED       ; Untyped                                         ;
; LPM_PIPELINE           ; 0              ; Untyped                                         ;
; LPM_REMAINDERPOSITIVE  ; TRUE           ; Untyped                                         ;
; MAXIMIZE_SPEED         ; 5              ; Untyped                                         ;
; CBXI_PARAMETER         ; lpm_divide_9sl ; Untyped                                         ;
; CARRY_CHAIN            ; MANUAL         ; Untyped                                         ;
; OPTIMIZE_FOR_SPEED     ; 5              ; Untyped                                         ;
; AUTO_CARRY_CHAINS      ; ON             ; AUTO_CARRY                                      ;
; IGNORE_CARRY_BUFFERS   ; OFF            ; IGNORE_CARRY                                    ;
; AUTO_CASCADE_CHAINS    ; ON             ; AUTO_CASCADE                                    ;
; IGNORE_CASCADE_BUFFERS ; OFF            ; IGNORE_CASCADE                                  ;
+------------------------+----------------+-------------------------------------------------+
Note: In order to hide this table in the UI and the text report file, please set the "Show Parameter Settings in Synthesis Report" option in "Analysis and Synthesis Settings -> More Settings" to "Off".


+-----------------------------------------------------+
; Post-Synthesis Netlist Statistics for Top Partition ;
+-----------------------+-----------------------------+
; Type                  ; Count                       ;
+-----------------------+-----------------------------+
; boundary_port         ; 44                          ;
; cycloneiii_ff         ; 58                          ;
;     CLR               ; 50                          ;
;     plain             ; 8                           ;
; cycloneiii_lcell_comb ; 459                         ;
;     arith             ; 156                         ;
;         2 data inputs ; 56                          ;
;         3 data inputs ; 100                         ;
;     normal            ; 303                         ;
;         0 data inputs ; 30                          ;
;         1 data inputs ; 14                          ;
;         2 data inputs ; 160                         ;
;         3 data inputs ; 3                           ;
;         4 data inputs ; 96                          ;
;                       ;                             ;
; Max LUT depth         ; 13.90                       ;
; Average LUT depth     ; 10.61                       ;
+-----------------------+-----------------------------+


+-------------------------------+
; Elapsed Time Per Partition    ;
+----------------+--------------+
; Partition Name ; Elapsed Time ;
+----------------+--------------+
; Top            ; 00:00:01     ;
+----------------+--------------+


+-------------------------------+
; Analysis & Synthesis Messages ;
+-------------------------------+
Info: *******************************************************************
Info: Running Quartus Prime Analysis & Synthesis
    Info: Version 22.1std.1 Build 917 02/14/2023 SC Lite Edition
    Info: Processing started: Tue Nov  5 16:07:44 2024
Info: Command: quartus_map --read_settings_files=on --write_settings_files=off lab5 -c lab5
Warning (18236): Number of processors has not been specified which may cause overloading on shared machines.  Set the global assignment NUM_PARALLEL_PROCESSORS in your QSF to an appropriate value for best performance.
Info (20030): Parallel compilation is enabled and will use 6 of the 6 processors detected
Info (12021): Found 1 design units, including 1 entities, in source file counter.sv
    Info (12023): Found entity 1: counter File: C:/Users/ogw/OneDrive/Documents/ECE 272/Lab5/counter.sv Line: 1
Info (12021): Found 1 design units, including 1 entities, in source file comparator.sv
    Info (12023): Found entity 1: comparator File: C:/Users/ogw/OneDrive/Documents/ECE 272/Lab5/comparator.sv Line: 1
Info (12021): Found 1 design units, including 1 entities, in source file sync.sv
    Info (12023): Found entity 1: sync File: C:/Users/ogw/OneDrive/Documents/ECE 272/Lab5/sync.sv Line: 1
Info (12021): Found 1 design units, including 1 entities, in source file sevensegdriver.sv
    Info (12023): Found entity 1: SevSegDriver File: C:/Users/ogw/OneDrive/Documents/ECE 272/Lab5/sevenSegDriver.sv Line: 1
Info (12021): Found 1 design units, including 1 entities, in source file parser.sv
    Info (12023): Found entity 1: parser File: C:/Users/ogw/OneDrive/Documents/ECE 272/Lab5/parser.sv Line: 1
Warning (12019): Can't analyze file -- file counter.bdf is missing
Info (12021): Found 1 design units, including 1 entities, in source file clock.bdf
    Info (12023): Found entity 1: clock
Info (12021): Found 1 design units, including 1 entities, in source file smhclock.bdf
    Info (12023): Found entity 1: SMHClock
Info (12021): Found 1 design units, including 1 entities, in source file secondclk.bdf
    Info (12023): Found entity 1: SecondCLK
Info (12127): Elaborating entity "SMHClock" for the top level hierarchy
Info (12128): Elaborating entity "clock" for hierarchy "clock:inst"
Info (12128): Elaborating entity "sync" for hierarchy "clock:inst|sync:inst3"
Info (12128): Elaborating entity "comparator" for hierarchy "clock:inst|comparator:inst4"
Info (12128): Elaborating entity "counter" for hierarchy "clock:inst|counter:inst"
Warning (10230): Verilog HDL assignment warning at counter.sv(9): truncated value with size 32 to match size of target (8) File: C:/Users/ogw/OneDrive/Documents/ECE 272/Lab5/counter.sv Line: 9
Info (12128): Elaborating entity "SevSegDriver" for hierarchy "clock:inst|SevSegDriver:inst6"
Info (12128): Elaborating entity "parser" for hierarchy "clock:inst|parser:inst2"
Warning (10230): Verilog HDL assignment warning at parser.sv(10): truncated value with size 32 to match size of target (8) File: C:/Users/ogw/OneDrive/Documents/ECE 272/Lab5/parser.sv Line: 10
Warning (10230): Verilog HDL assignment warning at parser.sv(12): truncated value with size 32 to match size of target (4) File: C:/Users/ogw/OneDrive/Documents/ECE 272/Lab5/parser.sv Line: 12
Info (12128): Elaborating entity "SecondCLK" for hierarchy "SecondCLK:inst4"
Info (12128): Elaborating entity "comparator" for hierarchy "SecondCLK:inst4|comparator:inst7"
Info (12128): Elaborating entity "counter" for hierarchy "SecondCLK:inst4|counter:inst4"
Warning (10230): Verilog HDL assignment warning at counter.sv(9): truncated value with size 32 to match size of target (26) File: C:/Users/ogw/OneDrive/Documents/ECE 272/Lab5/counter.sv Line: 9
Info (278001): Inferred 6 megafunctions from design logic
    Info (278004): Inferred divider/modulo megafunction ("lpm_divide") from the following logic: "clock:inst|parser:inst2|Mod0" File: C:/Users/ogw/OneDrive/Documents/ECE 272/Lab5/parser.sv Line: 12
    Info (278004): Inferred divider/modulo megafunction ("lpm_divide") from the following logic: "clock:inst|parser:inst2|Div0" File: C:/Users/ogw/OneDrive/Documents/ECE 272/Lab5/parser.sv Line: 10
    Info (278004): Inferred divider/modulo megafunction ("lpm_divide") from the following logic: "clock:inst2|parser:inst2|Mod0" File: C:/Users/ogw/OneDrive/Documents/ECE 272/Lab5/parser.sv Line: 12
    Info (278004): Inferred divider/modulo megafunction ("lpm_divide") from the following logic: "clock:inst2|parser:inst2|Div0" File: C:/Users/ogw/OneDrive/Documents/ECE 272/Lab5/parser.sv Line: 10
    Info (278004): Inferred divider/modulo megafunction ("lpm_divide") from the following logic: "clock:inst3|parser:inst2|Mod0" File: C:/Users/ogw/OneDrive/Documents/ECE 272/Lab5/parser.sv Line: 12
    Info (278004): Inferred divider/modulo megafunction ("lpm_divide") from the following logic: "clock:inst3|parser:inst2|Div0" File: C:/Users/ogw/OneDrive/Documents/ECE 272/Lab5/parser.sv Line: 10
Info (12130): Elaborated megafunction instantiation "clock:inst|parser:inst2|lpm_divide:Mod0" File: C:/Users/ogw/OneDrive/Documents/ECE 272/Lab5/parser.sv Line: 12
Info (12133): Instantiated megafunction "clock:inst|parser:inst2|lpm_divide:Mod0" with the following parameter: File: C:/Users/ogw/OneDrive/Documents/ECE 272/Lab5/parser.sv Line: 12
    Info (12134): Parameter "LPM_WIDTHN" = "8"
    Info (12134): Parameter "LPM_WIDTHD" = "4"
    Info (12134): Parameter "LPM_NREPRESENTATION" = "UNSIGNED"
    Info (12134): Parameter "LPM_DREPRESENTATION" = "UNSIGNED"
Info (12021): Found 1 design units, including 1 entities, in source file db/lpm_divide_ckl.tdf
    Info (12023): Found entity 1: lpm_divide_ckl File: C:/Users/ogw/OneDrive/Documents/ECE 272/Lab5/db/lpm_divide_ckl.tdf Line: 25
Info (12021): Found 1 design units, including 1 entities, in source file db/sign_div_unsign_bkh.tdf
    Info (12023): Found entity 1: sign_div_unsign_bkh File: C:/Users/ogw/OneDrive/Documents/ECE 272/Lab5/db/sign_div_unsign_bkh.tdf Line: 25
Info (12021): Found 1 design units, including 1 entities, in source file db/alt_u_div_0fe.tdf
    Info (12023): Found entity 1: alt_u_div_0fe File: C:/Users/ogw/OneDrive/Documents/ECE 272/Lab5/db/alt_u_div_0fe.tdf Line: 27
Info (12021): Found 1 design units, including 1 entities, in source file db/add_sub_t3c.tdf
    Info (12023): Found entity 1: add_sub_t3c File: C:/Users/ogw/OneDrive/Documents/ECE 272/Lab5/db/add_sub_t3c.tdf Line: 23
Info (12021): Found 1 design units, including 1 entities, in source file db/add_sub_u3c.tdf
    Info (12023): Found entity 1: add_sub_u3c File: C:/Users/ogw/OneDrive/Documents/ECE 272/Lab5/db/add_sub_u3c.tdf Line: 23
Info (12130): Elaborated megafunction instantiation "clock:inst|parser:inst2|lpm_divide:Div0" File: C:/Users/ogw/OneDrive/Documents/ECE 272/Lab5/parser.sv Line: 10
Info (12133): Instantiated megafunction "clock:inst|parser:inst2|lpm_divide:Div0" with the following parameter: File: C:/Users/ogw/OneDrive/Documents/ECE 272/Lab5/parser.sv Line: 10
    Info (12134): Parameter "LPM_WIDTHN" = "8"
    Info (12134): Parameter "LPM_WIDTHD" = "4"
    Info (12134): Parameter "LPM_NREPRESENTATION" = "UNSIGNED"
    Info (12134): Parameter "LPM_DREPRESENTATION" = "UNSIGNED"
Info (12021): Found 1 design units, including 1 entities, in source file db/lpm_divide_9sl.tdf
    Info (12023): Found entity 1: lpm_divide_9sl File: C:/Users/ogw/OneDrive/Documents/ECE 272/Lab5/db/lpm_divide_9sl.tdf Line: 25
Info (286030): Timing-Driven Synthesis is running
Info (16010): Generating hard_block partition "hard_block:auto_generated_inst"
    Info (16011): Adding 0 node(s), including 0 DDIO, 0 PLL, 0 transceiver and 0 LCELL
Info (21057): Implemented 501 device resources after synthesis - the final resource count might be different
    Info (21058): Implemented 2 input pins
    Info (21059): Implemented 42 output pins
    Info (21061): Implemented 457 logic cells
Info: Quartus Prime Analysis & Synthesis was successful. 0 errors, 6 warnings
    Info: Peak virtual memory: 4802 megabytes
    Info: Processing ended: Tue Nov  5 16:07:54 2024
    Info: Elapsed time: 00:00:10
    Info: Total CPU time (on all processors): 00:00:24


